#
# There is insufficient memory for the Java Runtime Environment to continue.
# Native memory allocation (mmap) failed to map 65011712 bytes for G1 virtual space
# Possible reasons:
#   The system is out of physical RAM or swap space
#   The process is running with CompressedOops enabled, and the Java Heap may be blocking the growth of the native heap
# Possible solutions:
#   Reduce memory load on the system
#   Increase physical memory or swap space
#   Check if swap backing store is full
#   Decrease Java heap size (-Xmx/-Xms)
#   Decrease number of Java threads
#   Decrease Java thread stack sizes (-Xss)
#   Set larger code cache with -XX:ReservedCodeCacheSize=
#   JVM is running with Unscaled Compressed Oops mode in which the Java heap is
#     placed in the first 4GB address space. The Java Heap base address is the
#     maximum limit for the native heap growth. Please use -XX:HeapBaseMinAddress
#     to set the Java Heap base and to place the Java Heap above 4GB virtual address.
# This output file may be truncated or incomplete.
#
#  Out of Memory Error (os_windows.cpp:3535), pid=9736, tid=18132
#
# JRE version:  (17.0.4.1+1) (build )
# Java VM: Java HotSpot(TM) 64-Bit Server VM (17.0.4.1+1-LTS-2, mixed mode, sharing, tiered, compressed oops, compressed class ptrs, g1 gc, windows-amd64)
# No core dump will be written. Minidumps are not enabled by default on client versions of Windows
#

---------------  S U M M A R Y ------------

Command Line: -Dfile.encoding=Cp1252 TestApp

Host: Intel(R) Core(TM) i3-1005G1 CPU @ 1.20GHz, 4 cores, 3G,  Windows 10 , 64 bit Build 19041 (10.0.19041.2913)
Time: Sat May 27 09:25:38 2023 India Standard Time elapsed time: 0.011273 seconds (0d 0h 0m 0s)

---------------  T H R E A D  ---------------

Current thread (0x000001e63672b040):  JavaThread "Unknown thread" [_thread_in_vm, id=18132, stack(0x000000a4eda00000,0x000000a4edb00000)]

Stack: [0x000000a4eda00000,0x000000a4edb00000]
Native frames: (J=compiled Java code, j=interpreted, Vv=VM code, C=native code)
V  [jvm.dll+0x6723ba]
V  [jvm.dll+0x7d1e34]
V  [jvm.dll+0x7d35de]
V  [jvm.dll+0x7d3c43]
V  [jvm.dll+0x243065]
V  [jvm.dll+0x66f2d9]
V  [jvm.dll+0x663c22]
V  [jvm.dll+0x3011cb]
V  [jvm.dll+0x308766]
V  [jvm.dll+0x35846e]
V  [jvm.dll+0x35869f]
V  [jvm.dll+0x2d83e8]
V  [jvm.dll+0x2d9354]
V  [jvm.dll+0x7a3911]
V  [jvm.dll+0x3662c1]
V  [jvm.dll+0x782d7c]
V  [jvm.dll+0x3e8c1f]
V  [jvm.dll+0x3ea6c1]
C  [jli.dll+0x527b]
C  [ucrtbase.dll+0x21bb2]
C  [KERNEL32.DLL+0x17614]
C  [ntdll.dll+0x526a1]


---------------  P R O C E S S  ---------------

Threads class SMR info:
_java_thread_list=0x00007ffb44a7a858, length=0, elements={
}

Java Threads: ( => current thread )

Other Threads:
  0x000001e6367671a0 GCTaskThread "GC Thread#0" [stack: 0x000000a4edb00000,0x000000a4edc00000] [id=17172]
  0x000001e636770940 ConcurrentGCThread "G1 Main Marker" [stack: 0x000000a4edc00000,0x000000a4edd00000] [id=10084]
  0x000001e636771a00 ConcurrentGCThread "G1 Conc#0" [stack: 0x000000a4edd00000,0x000000a4ede00000] [id=17956]

[error occurred during error reporting (printing all threads), id 0xc0000005, EXCEPTION_ACCESS_VIOLATION (0xc0000005) at pc=0x00007ffb442c8dd7]

VM state: not at safepoint (not fully initialized)

VM Mutex/Monitor currently owned by a thread:  ([mutex/lock_event])
[0x000001e6367264d0] Heap_lock - owner thread: 0x000001e63672b040

Heap address: 0x00000000c3600000, size: 970 MB, Compressed Oops mode: 32-bit

CDS archive(s) mapped at: [0x0000000000000000-0x0000000000000000-0x0000000000000000), size 0, SharedBaseAddress: 0x0000000800000000, ArchiveRelocationMode: 0.
Narrow klass base: 0x0000000000000000, Narrow klass shift: 0, Narrow klass range: 0x0

GC Precious Log:
<Empty>

Heap:
 garbage-first heap   total 0K, used 0K [0x00000000c3600000, 0x0000000100000000)
  region size 1024K, 0 young (0K), 0 survivors (0K)

[error occurred during error reporting (printing heap information), id 0xc0000005, EXCEPTION_ACCESS_VIOLATION (0xc0000005) at pc=0x00007ffb446ab869]

GC Heap History (0 events):
No events

Deoptimization events (0 events):
No events

Classes unloaded (0 events):
No events

Classes redefined (0 events):
No events

Internal exceptions (0 events):
No events

VM Operations (0 events):
No events

Events (1 events):
Event: 0.007 Loaded shared library C:\Program Files\Java\jdk-17.0.4.1\bin\java.dll


Dynamic libraries:
0x00007ff600ec0000 - 0x00007ff600ed0000 	C:\Program Files\Java\jdk-17.0.4.1\bin\javaw.exe
0x00007ffb7f9b0000 - 0x00007ffb7fba8000 	C:\Windows\SYSTEM32\ntdll.dll
0x00007ffb7db30000 - 0x00007ffb7dbef000 	C:\Windows\System32\KERNEL32.DLL
0x00007ffb7d1c0000 - 0x00007ffb7d4b6000 	C:\Windows\System32\KERNELBASE.dll
0x00007ffb7d910000 - 0x00007ffb7da10000 	C:\Windows\System32\ucrtbase.dll
0x00007ffb65970000 - 0x00007ffb65988000 	C:\Program Files\Java\jdk-17.0.4.1\bin\jli.dll
0x00007ffb7e000000 - 0x00007ffb7e0af000 	C:\Windows\System32\ADVAPI32.dll
0x00007ffb7f8d0000 - 0x00007ffb7f96e000 	C:\Windows\System32\msvcrt.dll
0x00007ffb7e770000 - 0x00007ffb7e80c000 	C:\Windows\System32\sechost.dll
0x00007ffb7e5b0000 - 0x00007ffb7e6d6000 	C:\Windows\System32\RPCRT4.dll
0x00007ffb7efe0000 - 0x00007ffb7f17d000 	C:\Windows\System32\USER32.dll
0x00007ffb7d190000 - 0x00007ffb7d1b2000 	C:\Windows\System32\win32u.dll
0x00007ffb7f790000 - 0x00007ffb7f7bc000 	C:\Windows\System32\GDI32.dll
0x00007ffb7d6b0000 - 0x00007ffb7d7c5000 	C:\Windows\System32\gdi32full.dll
0x00007ffb7d7d0000 - 0x00007ffb7d86d000 	C:\Windows\System32\msvcp_win.dll
0x00007ffb63040000 - 0x00007ffb632da000 	C:\Windows\WinSxS\amd64_microsoft.windows.common-controls_6595b64144ccf1df_6.0.19041.1110_none_60b5254171f9507e\COMCTL32.dll
0x00007ffb65990000 - 0x00007ffb659aa000 	C:\Program Files\Java\jdk-17.0.4.1\bin\VCRUNTIME140.dll
0x00007ffb75bb0000 - 0x00007ffb75bba000 	C:\Windows\SYSTEM32\VERSION.dll
0x00007ffb7f7c0000 - 0x00007ffb7f7f0000 	C:\Windows\System32\IMM32.DLL
0x00007ffb69b00000 - 0x00007ffb69b0c000 	C:\Program Files\Java\jdk-17.0.4.1\bin\vcruntime140_1.dll
0x00007ffb54050000 - 0x00007ffb540dd000 	C:\Program Files\Java\jdk-17.0.4.1\bin\msvcp140.dll
0x00007ffb43fe0000 - 0x00007ffb44ba2000 	C:\Program Files\Java\jdk-17.0.4.1\bin\server\jvm.dll
0x00007ffb7f7f0000 - 0x00007ffb7f7f8000 	C:\Windows\System32\PSAPI.DLL
0x00007ffb67470000 - 0x00007ffb67479000 	C:\Windows\SYSTEM32\WSOCK32.dll
0x00007ffb5e060000 - 0x00007ffb5e087000 	C:\Windows\SYSTEM32\WINMM.dll
0x00007ffb7f860000 - 0x00007ffb7f8cb000 	C:\Windows\System32\WS2_32.dll
0x00007ffb7b8e0000 - 0x00007ffb7b8f2000 	C:\Windows\SYSTEM32\kernel.appcore.dll
0x00007ffb63550000 - 0x00007ffb6355a000 	C:\Program Files\Java\jdk-17.0.4.1\bin\jimage.dll
0x00007ffb7ae50000 - 0x00007ffb7b034000 	C:\Windows\SYSTEM32\DBGHELP.DLL
0x00007ffb5ee40000 - 0x00007ffb5ee74000 	C:\Windows\SYSTEM32\dbgcore.DLL
0x00007ffb7d620000 - 0x00007ffb7d6a2000 	C:\Windows\System32\bcryptPrimitives.dll
0x00007ffb622a0000 - 0x00007ffb622c5000 	C:\Program Files\Java\jdk-17.0.4.1\bin\java.dll

dbghelp: loaded successfully - version: 4.0.5 - missing functions: none
symbol engine: initialized successfully - sym options: 0x614 - pdb path: .;C:\Program Files\Java\jdk-17.0.4.1\bin;C:\Windows\SYSTEM32;C:\Windows\WinSxS\amd64_microsoft.windows.common-controls_6595b64144ccf1df_6.0.19041.1110_none_60b5254171f9507e;C:\Program Files\Java\jdk-17.0.4.1\bin\server

VM Arguments:
jvm_args: -Dfile.encoding=Cp1252 
java_command: TestApp
java_class_path (initial): F:\Java live Class Projects\Assingn\Question-9\bin
Launcher Type: SUN_STANDARD

[Global flags]
     intx CICompilerCount                          = 3                                         {product} {ergonomic}
     uint ConcGCThreads                            = 1                                         {product} {ergonomic}
     uint G1ConcRefinementThreads                  = 4                                         {product} {ergonomic}
   size_t G1HeapRegionSize                         = 1048576                                   {product} {ergonomic}
    uintx GCDrainStackTargetSize                   = 64                                        {product} {ergonomic}
   size_t InitialHeapSize                          = 65011712                                  {product} {ergonomic}
   size_t MarkStackSize                            = 4194304                                   {product} {ergonomic}
   size_t MaxHeapSize                              = 1017118720                                {product} {ergonomic}
   size_t MinHeapDeltaBytes                        = 1048576                                   {product} {ergonomic}
   size_t MinHeapSize                              = 8388608                                   {product} {ergonomic}
    uintx NonNMethodCodeHeapSize                   = 5832780                                {pd product} {ergonomic}
    uintx NonProfiledCodeHeapSize                  = 122912730                              {pd product} {ergonomic}
    uintx ProfiledCodeHeapSize                     = 122912730                              {pd product} {ergonomic}
    uintx ReservedCodeCacheSize                    = 251658240                              {pd product} {ergonomic}
     bool SegmentedCodeCache                       = true                                      {product} {ergonomic}
   size_t SoftMaxHeapSize                          = 1017118720                             {manageable} {ergonomic}
     bool UseCompressedClassPointers               = true                           {product lp64_product} {ergonomic}
     bool UseCompressedOops                        = true                           {product lp64_product} {ergonomic}
     bool UseG1GC                                  = true                                      {product} {ergonomic}
     bool UseLargePagesIndividualAllocation        = false                                  {pd product} {ergonomic}

Logging:
Log output configuration:
 #0: stdout all=warning uptime,level,tags
 #1: stderr all=off uptime,level,tags

Environment Variables:
JAVA_HOME=C:\Program Files\Java\jdk-17.0.4.1
PATH=C:\Program Files\Common Files\Oracle\Java\javapath;C:\Windows\system32;C:\Windows;C:\Windows\System32\Wbem;C:\Windows\System32\WindowsPowerShell\v1.0\;C:\Windows\System32\OpenSSH\;C:\Program Files\Java\jdk-17.0.4.1\bin;C:\Program Files\Git\cmd;C:\Users\surad\AppData\Local\Microsoft\WindowsApps;C:\Program Files\Java\jdk-17.0.4.1\bin;C:\Users\surad\AppData\Local\Programs\Microsoft VS Code\bin
USERNAME=surad
OS=Windows_NT
PROCESSOR_IDENTIFIER=Intel64 Family 6 Model 126 Stepping 5, GenuineIntel



---------------  S Y S T E M  ---------------

OS:
 Windows 10 , 64 bit Build 19041 (10.0.19041.2913)
OS uptime: 0 days 3:25 hours

CPU: total 4 (initial active 4) (2 cores per cpu, 2 threads per core) family 6 model 126 stepping 5 microcode 0xa0, cx8, cmov, fxsr, ht, mmx, 3dnowpref, sse, sse2, sse3, ssse3, sse4.1, sse4.2, popcnt, lzcnt, tsc, tscinvbit, avx, avx2, aes, erms, clmul, bmi1, bmi2, adx, avx512f, avx512dq, avx512cd, avx512bw, avx512vl, sha, fma, vzeroupper, avx512_vpopcntdq, avx512_vpclmulqdq, avx512_vaes, avx512_vnni, clflush, clflushopt, avx512_vbmi2, avx512_vbmi

Memory: 4k page, system-wide physical 3877M (377M free)
TotalPageFile size 15653M (AvailPageFile size 58M)
current process WorkingSet (physical memory assigned to process): 10M, peak: 10M
current process commit charge ("private bytes"): 51M, peak: 113M

vm_info: Java HotSpot(TM) 64-Bit Server VM (17.0.4.1+1-LTS-2) for windows-amd64 JRE (17.0.4.1+1-LTS-2), built on Aug 16 2022 18:32:06 by "mach5one" with MS VC++ 16.8 / 16.9 (VS2019)

END.
