#
# There is insufficient memory for the Java Runtime Environment to continue.
# Native memory allocation (mmap) failed to map 65536 bytes for Failed to commit metaspace.
# Possible reasons:
#   The system is out of physical RAM or swap space
#   The process is running with CompressedOops enabled, and the Java Heap may be blocking the growth of the native heap
# Possible solutions:
#   Reduce memory load on the system
#   Increase physical memory or swap space
#   Check if swap backing store is full
#   Decrease Java heap size (-Xmx/-Xms)
#   Decrease number of Java threads
#   Decrease Java thread stack sizes (-Xss)
#   Set larger code cache with -XX:ReservedCodeCacheSize=
#   JVM is running with Unscaled Compressed Oops mode in which the Java heap is
#     placed in the first 4GB address space. The Java Heap base address is the
#     maximum limit for the native heap growth. Please use -XX:HeapBaseMinAddress
#     to set the Java Heap base and to place the Java Heap above 4GB virtual address.
# This output file may be truncated or incomplete.
#
#  Out of Memory Error (virtualSpaceNode.cpp:110), pid=17596, tid=18044
#
# JRE version: Java(TM) SE Runtime Environment (17.0.4.1+1) (build 17.0.4.1+1-LTS-2)
# Java VM: Java HotSpot(TM) 64-Bit Server VM (17.0.4.1+1-LTS-2, mixed mode, tiered, compressed oops, compressed class ptrs, g1 gc, windows-amd64)
# No core dump will be written. Minidumps are not enabled by default on client versions of Windows
#

---------------  S U M M A R Y ------------

Command Line: -Dfile.encoding=Cp1252 TestApp

Host: Intel(R) Core(TM) i3-1005G1 CPU @ 1.20GHz, 4 cores, 3G,  Windows 10 , 64 bit Build 19041 (10.0.19041.2913)
Time: Sat May 27 09:25:24 2023 India Standard Time elapsed time: 0.156869 seconds (0d 0h 0m 0s)

---------------  T H R E A D  ---------------

Current thread (0x0000022b4ee1b400):  JavaThread "main" [_thread_in_vm, id=18044, stack(0x0000004935400000,0x0000004935500000)]

Stack: [0x0000004935400000,0x0000004935500000]
Native frames: (J=compiled Java code, j=interpreted, Vv=VM code, C=native code)
V  [jvm.dll+0x6723ba]
V  [jvm.dll+0x7d1e34]
V  [jvm.dll+0x7d35de]
V  [jvm.dll+0x7d3c43]
V  [jvm.dll+0x243065]
V  [jvm.dll+0x7cdddb]
V  [jvm.dll+0x618166]
V  [jvm.dll+0x6181ca]
V  [jvm.dll+0x61a9da]
V  [jvm.dll+0x618b06]
V  [jvm.dll+0x622867]
V  [jvm.dll+0x1e846b]
V  [jvm.dll+0x1e89a5]
V  [jvm.dll+0x1e93df]
V  [jvm.dll+0x1de891]
V  [jvm.dll+0x538bb0]
V  [jvm.dll+0x1ef077]
V  [jvm.dll+0x74bdab]
V  [jvm.dll+0x74d152]
V  [jvm.dll+0x74d8e9]
V  [jvm.dll+0x1e6c16]
V  [jvm.dll+0x1e931b]
V  [jvm.dll+0x1de891]
V  [jvm.dll+0x538bb0]
V  [jvm.dll+0x1ef077]
V  [jvm.dll+0x74bdab]
V  [jvm.dll+0x74d152]
V  [jvm.dll+0x74d488]
V  [jvm.dll+0x23b4de]
V  [jvm.dll+0x37bb9e]
C  0x0000022b566bb6e4

Java frames: (J=compiled Java code, j=interpreted, Vv=VM code)
j  java.util.ImmutableCollections$AbstractImmutableList.iterator()Ljava/util/Iterator;+0 java.base@17.0.4.1
j  java.lang.ModuleLayer.checkConfiguration(Ljava/lang/module/Configuration;Ljava/util/List;)V+38 java.base@17.0.4.1
j  java.lang.ModuleLayer.defineModules(Ljava/lang/module/Configuration;Ljava/util/List;Ljava/util/function/Function;)Ljava/lang/ModuleLayer$Controller;+7 java.base@17.0.4.1
j  java.lang.ModuleLayer.defineModules(Ljava/lang/module/Configuration;Ljava/util/function/Function;)Ljava/lang/ModuleLayer;+6 java.base@17.0.4.1
j  jdk.internal.module.ModuleBootstrap.boot2()Ljava/lang/ModuleLayer;+1207 java.base@17.0.4.1
j  jdk.internal.module.ModuleBootstrap.boot()Ljava/lang/ModuleLayer;+64 java.base@17.0.4.1
j  java.lang.System.initPhase2(ZZ)I+0 java.base@17.0.4.1
v  ~StubRoutines::call_stub

---------------  P R O C E S S  ---------------

Threads class SMR info:
_java_thread_list=0x0000022b00151b80, length=10, elements={
0x0000022b4ee1b400, 0x0000022b4eee2810, 0x0000022b0017b7c0, 0x0000022b00155320,
0x0000022b00155de0, 0x0000022b001576b0, 0x0000022b001bdbc0, 0x0000022b001bfc90,
0x0000022b001c4c10, 0x0000022b001d5c90
}

Java Threads: ( => current thread )
=>0x0000022b4ee1b400 JavaThread "main" [_thread_in_vm, id=18044, stack(0x0000004935400000,0x0000004935500000)]
  0x0000022b4eee2810 JavaThread "Reference Handler" daemon [_thread_blocked, id=13216, stack(0x0000004935b00000,0x0000004935c00000)]
  0x0000022b0017b7c0 JavaThread "Finalizer" daemon [_thread_blocked, id=17584, stack(0x0000004935c00000,0x0000004935d00000)]
  0x0000022b00155320 JavaThread "Signal Dispatcher" daemon [_thread_blocked, id=14248, stack(0x0000004935d00000,0x0000004935e00000)]
  0x0000022b00155de0 JavaThread "Attach Listener" daemon [_thread_blocked, id=5172, stack(0x0000004935e00000,0x0000004935f00000)]
  0x0000022b001576b0 JavaThread "Service Thread" daemon [_thread_blocked, id=16952, stack(0x0000004935f00000,0x0000004936000000)]
  0x0000022b001bdbc0 JavaThread "Monitor Deflation Thread" daemon [_thread_blocked, id=17800, stack(0x0000004936000000,0x0000004936100000)]
  0x0000022b001bfc90 JavaThread "C2 CompilerThread0" daemon [_thread_blocked, id=17868, stack(0x0000004936100000,0x0000004936200000)]
  0x0000022b001c4c10 JavaThread "C1 CompilerThread0" daemon [_thread_in_vm, id=17324, stack(0x0000004936200000,0x0000004936300000)]
  0x0000022b001d5c90 JavaThread "Sweeper thread" daemon [_thread_blocked, id=12384, stack(0x0000004936300000,0x0000004936400000)]

Other Threads:
  0x0000022b4eedf5b0 VMThread "VM Thread" [stack: 0x0000004935a00000,0x0000004935b00000] [id=17820]
  0x0000022b4ee565b0 GCTaskThread "GC Thread#0" [stack: 0x0000004935500000,0x0000004935600000] [id=17492]
  0x0000022b4ee5fd50 ConcurrentGCThread "G1 Main Marker" [stack: 0x0000004935600000,0x0000004935700000] [id=12104]
  0x0000022b4ee60670 ConcurrentGCThread "G1 Conc#0" [stack: 0x0000004935700000,0x0000004935800000] [id=13816]
  0x0000022b4ee9f9f0 ConcurrentGCThread "G1 Refine#0" [stack: 0x0000004935800000,0x0000004935900000] [id=17092]
  0x0000022b4eea0320 ConcurrentGCThread "G1 Service" [stack: 0x0000004935900000,0x0000004935a00000] [id=17388]

Threads with active compile tasks:
C1 CompilerThread0      186   41       3       java.util.concurrent.ConcurrentHashMap::addCount (280 bytes)

VM state: not at safepoint (normal execution)

VM Mutex/Monitor currently owned by a thread:  ([mutex/lock_event])
[0x0000022b4ee16d80] Metaspace_lock - owner thread: 0x0000022b4ee1b400
[0x0000022b4ee163f0] MultiArray_lock - owner thread: 0x0000022b001c4c10

Heap address: 0x00000000c3600000, size: 970 MB, Compressed Oops mode: 32-bit

CDS archive(s) not mapped
Compressed class space mapped at: 0x0000000100000000-0x0000000140000000, reserved size: 1073741824
Narrow klass base: 0x0000000000000000, Narrow klass shift: 3, Narrow klass range: 0x140000000

GC Precious Log:
 CPUs: 4 total, 4 available
 Memory: 3877M
 Large Page Support: Disabled
 NUMA Support: Disabled
 Compressed Oops: Enabled (32-bit)
 Heap Region Size: 1M
 Heap Min Capacity: 8M
 Heap Initial Capacity: 62M
 Heap Max Capacity: 970M
 Pre-touch: Disabled
 Parallel Workers: 4
 Concurrent Workers: 1
 Concurrent Refinement Workers: 4
 Periodic GC: Disabled

Heap:
 garbage-first heap   total 63488K, used 0K [0x00000000c3600000, 0x0000000100000000)
  region size 1024K, 1 young (1024K), 0 survivors (0K)
 Metaspace       used 3402K, committed 3456K, reserved 1056768K
  class space    used 266K, committed 320K, reserved 1048576K

Heap Regions: E=young(eden), S=young(survivor), O=old, HS=humongous(starts), HC=humongous(continues), CS=collection set, F=free, OA=open archive, CA=closed archive, TAMS=top-at-mark-start (previous, next)
|   0|0x00000000c3600000, 0x00000000c3600000, 0x00000000c3700000|  0%| F|  |TAMS 0x00000000c3600000, 0x00000000c3600000| Untracked 
|   1|0x00000000c3700000, 0x00000000c3700000, 0x00000000c3800000|  0%| F|  |TAMS 0x00000000c3700000, 0x00000000c3700000| Untracked 
|   2|0x00000000c3800000, 0x00000000c3800000, 0x00000000c3900000|  0%| F|  |TAMS 0x00000000c3800000, 0x00000000c3800000| Untracked 
|   3|0x00000000c3900000, 0x00000000c3900000, 0x00000000c3a00000|  0%| F|  |TAMS 0x00000000c3900000, 0x00000000c3900000| Untracked 
|   4|0x00000000c3a00000, 0x00000000c3a00000, 0x00000000c3b00000|  0%| F|  |TAMS 0x00000000c3a00000, 0x00000000c3a00000| Untracked 
|   5|0x00000000c3b00000, 0x00000000c3b00000, 0x00000000c3c00000|  0%| F|  |TAMS 0x00000000c3b00000, 0x00000000c3b00000| Untracked 
|   6|0x00000000c3c00000, 0x00000000c3c00000, 0x00000000c3d00000|  0%| F|  |TAMS 0x00000000c3c00000, 0x00000000c3c00000| Untracked 
|   7|0x00000000c3d00000, 0x00000000c3d00000, 0x00000000c3e00000|  0%| F|  |TAMS 0x00000000c3d00000, 0x00000000c3d00000| Untracked 
|   8|0x00000000c3e00000, 0x00000000c3e00000, 0x00000000c3f00000|  0%| F|  |TAMS 0x00000000c3e00000, 0x00000000c3e00000| Untracked 
|   9|0x00000000c3f00000, 0x00000000c3f00000, 0x00000000c4000000|  0%| F|  |TAMS 0x00000000c3f00000, 0x00000000c3f00000| Untracked 
|  10|0x00000000c4000000, 0x00000000c4000000, 0x00000000c4100000|  0%| F|  |TAMS 0x00000000c4000000, 0x00000000c4000000| Untracked 
|  11|0x00000000c4100000, 0x00000000c4100000, 0x00000000c4200000|  0%| F|  |TAMS 0x00000000c4100000, 0x00000000c4100000| Untracked 
|  12|0x00000000c4200000, 0x00000000c4200000, 0x00000000c4300000|  0%| F|  |TAMS 0x00000000c4200000, 0x00000000c4200000| Untracked 
|  13|0x00000000c4300000, 0x00000000c4300000, 0x00000000c4400000|  0%| F|  |TAMS 0x00000000c4300000, 0x00000000c4300000| Untracked 
|  14|0x00000000c4400000, 0x00000000c4400000, 0x00000000c4500000|  0%| F|  |TAMS 0x00000000c4400000, 0x00000000c4400000| Untracked 
|  15|0x00000000c4500000, 0x00000000c4500000, 0x00000000c4600000|  0%| F|  |TAMS 0x00000000c4500000, 0x00000000c4500000| Untracked 
|  16|0x00000000c4600000, 0x00000000c4600000, 0x00000000c4700000|  0%| F|  |TAMS 0x00000000c4600000, 0x00000000c4600000| Untracked 
|  17|0x00000000c4700000, 0x00000000c4700000, 0x00000000c4800000|  0%| F|  |TAMS 0x00000000c4700000, 0x00000000c4700000| Untracked 
|  18|0x00000000c4800000, 0x00000000c4800000, 0x00000000c4900000|  0%| F|  |TAMS 0x00000000c4800000, 0x00000000c4800000| Untracked 
|  19|0x00000000c4900000, 0x00000000c4900000, 0x00000000c4a00000|  0%| F|  |TAMS 0x00000000c4900000, 0x00000000c4900000| Untracked 
|  20|0x00000000c4a00000, 0x00000000c4a00000, 0x00000000c4b00000|  0%| F|  |TAMS 0x00000000c4a00000, 0x00000000c4a00000| Untracked 
|  21|0x00000000c4b00000, 0x00000000c4b00000, 0x00000000c4c00000|  0%| F|  |TAMS 0x00000000c4b00000, 0x00000000c4b00000| Untracked 
|  22|0x00000000c4c00000, 0x00000000c4c00000, 0x00000000c4d00000|  0%| F|  |TAMS 0x00000000c4c00000, 0x00000000c4c00000| Untracked 
|  23|0x00000000c4d00000, 0x00000000c4d00000, 0x00000000c4e00000|  0%| F|  |TAMS 0x00000000c4d00000, 0x00000000c4d00000| Untracked 
|  24|0x00000000c4e00000, 0x00000000c4e00000, 0x00000000c4f00000|  0%| F|  |TAMS 0x00000000c4e00000, 0x00000000c4e00000| Untracked 
|  25|0x00000000c4f00000, 0x00000000c4f00000, 0x00000000c5000000|  0%| F|  |TAMS 0x00000000c4f00000, 0x00000000c4f00000| Untracked 
|  26|0x00000000c5000000, 0x00000000c5000000, 0x00000000c5100000|  0%| F|  |TAMS 0x00000000c5000000, 0x00000000c5000000| Untracked 
|  27|0x00000000c5100000, 0x00000000c5100000, 0x00000000c5200000|  0%| F|  |TAMS 0x00000000c5100000, 0x00000000c5100000| Untracked 
|  28|0x00000000c5200000, 0x00000000c5200000, 0x00000000c5300000|  0%| F|  |TAMS 0x00000000c5200000, 0x00000000c5200000| Untracked 
|  29|0x00000000c5300000, 0x00000000c5300000, 0x00000000c5400000|  0%| F|  |TAMS 0x00000000c5300000, 0x00000000c5300000| Untracked 
|  30|0x00000000c5400000, 0x00000000c5400000, 0x00000000c5500000|  0%| F|  |TAMS 0x00000000c5400000, 0x00000000c5400000| Untracked 
|  31|0x00000000c5500000, 0x00000000c5500000, 0x00000000c5600000|  0%| F|  |TAMS 0x00000000c5500000, 0x00000000c5500000| Untracked 
|  32|0x00000000c5600000, 0x00000000c5600000, 0x00000000c5700000|  0%| F|  |TAMS 0x00000000c5600000, 0x00000000c5600000| Untracked 
|  33|0x00000000c5700000, 0x00000000c5700000, 0x00000000c5800000|  0%| F|  |TAMS 0x00000000c5700000, 0x00000000c5700000| Untracked 
|  34|0x00000000c5800000, 0x00000000c5800000, 0x00000000c5900000|  0%| F|  |TAMS 0x00000000c5800000, 0x00000000c5800000| Untracked 
|  35|0x00000000c5900000, 0x00000000c5900000, 0x00000000c5a00000|  0%| F|  |TAMS 0x00000000c5900000, 0x00000000c5900000| Untracked 
|  36|0x00000000c5a00000, 0x00000000c5a00000, 0x00000000c5b00000|  0%| F|  |TAMS 0x00000000c5a00000, 0x00000000c5a00000| Untracked 
|  37|0x00000000c5b00000, 0x00000000c5b00000, 0x00000000c5c00000|  0%| F|  |TAMS 0x00000000c5b00000, 0x00000000c5b00000| Untracked 
|  38|0x00000000c5c00000, 0x00000000c5c00000, 0x00000000c5d00000|  0%| F|  |TAMS 0x00000000c5c00000, 0x00000000c5c00000| Untracked 
|  39|0x00000000c5d00000, 0x00000000c5d00000, 0x00000000c5e00000|  0%| F|  |TAMS 0x00000000c5d00000, 0x00000000c5d00000| Untracked 
|  40|0x00000000c5e00000, 0x00000000c5e00000, 0x00000000c5f00000|  0%| F|  |TAMS 0x00000000c5e00000, 0x00000000c5e00000| Untracked 
|  41|0x00000000c5f00000, 0x00000000c5f00000, 0x00000000c6000000|  0%| F|  |TAMS 0x00000000c5f00000, 0x00000000c5f00000| Untracked 
|  42|0x00000000c6000000, 0x00000000c6000000, 0x00000000c6100000|  0%| F|  |TAMS 0x00000000c6000000, 0x00000000c6000000| Untracked 
|  43|0x00000000c6100000, 0x00000000c6100000, 0x00000000c6200000|  0%| F|  |TAMS 0x00000000c6100000, 0x00000000c6100000| Untracked 
|  44|0x00000000c6200000, 0x00000000c6200000, 0x00000000c6300000|  0%| F|  |TAMS 0x00000000c6200000, 0x00000000c6200000| Untracked 
|  45|0x00000000c6300000, 0x00000000c6300000, 0x00000000c6400000|  0%| F|  |TAMS 0x00000000c6300000, 0x00000000c6300000| Untracked 
|  46|0x00000000c6400000, 0x00000000c6400000, 0x00000000c6500000|  0%| F|  |TAMS 0x00000000c6400000, 0x00000000c6400000| Untracked 
|  47|0x00000000c6500000, 0x00000000c6500000, 0x00000000c6600000|  0%| F|  |TAMS 0x00000000c6500000, 0x00000000c6500000| Untracked 
|  48|0x00000000c6600000, 0x00000000c6600000, 0x00000000c6700000|  0%| F|  |TAMS 0x00000000c6600000, 0x00000000c6600000| Untracked 
|  49|0x00000000c6700000, 0x00000000c6700000, 0x00000000c6800000|  0%| F|  |TAMS 0x00000000c6700000, 0x00000000c6700000| Untracked 
|  50|0x00000000c6800000, 0x00000000c6800000, 0x00000000c6900000|  0%| F|  |TAMS 0x00000000c6800000, 0x00000000c6800000| Untracked 
|  51|0x00000000c6900000, 0x00000000c6900000, 0x00000000c6a00000|  0%| F|  |TAMS 0x00000000c6900000, 0x00000000c6900000| Untracked 
|  52|0x00000000c6a00000, 0x00000000c6a00000, 0x00000000c6b00000|  0%| F|  |TAMS 0x00000000c6a00000, 0x00000000c6a00000| Untracked 
|  53|0x00000000c6b00000, 0x00000000c6b00000, 0x00000000c6c00000|  0%| F|  |TAMS 0x00000000c6b00000, 0x00000000c6b00000| Untracked 
|  54|0x00000000c6c00000, 0x00000000c6c00000, 0x00000000c6d00000|  0%| F|  |TAMS 0x00000000c6c00000, 0x00000000c6c00000| Untracked 
|  55|0x00000000c6d00000, 0x00000000c6d00000, 0x00000000c6e00000|  0%| F|  |TAMS 0x00000000c6d00000, 0x00000000c6d00000| Untracked 
|  56|0x00000000c6e00000, 0x00000000c6e00000, 0x00000000c6f00000|  0%| F|  |TAMS 0x00000000c6e00000, 0x00000000c6e00000| Untracked 
|  57|0x00000000c6f00000, 0x00000000c6f00000, 0x00000000c7000000|  0%| F|  |TAMS 0x00000000c6f00000, 0x00000000c6f00000| Untracked 
|  58|0x00000000c7000000, 0x00000000c7000000, 0x00000000c7100000|  0%| F|  |TAMS 0x00000000c7000000, 0x00000000c7000000| Untracked 
|  59|0x00000000c7100000, 0x00000000c7100000, 0x00000000c7200000|  0%| F|  |TAMS 0x00000000c7100000, 0x00000000c7100000| Untracked 
|  60|0x00000000c7200000, 0x00000000c7200000, 0x00000000c7300000|  0%| F|  |TAMS 0x00000000c7200000, 0x00000000c7200000| Untracked 
|  61|0x00000000c7300000, 0x00000000c7400000, 0x00000000c7400000|100%| E|  |TAMS 0x00000000c7300000, 0x00000000c7300000| Complete 

Card table byte_map: [0x0000022b656a0000,0x0000022b65890000] _byte_map_base: 0x0000022b65085000

Marking Bits (Prev, Next): (CMBitMap*) 0x0000022b4ee57ae0, (CMBitMap*) 0x0000022b4ee57b20
 Prev Bits: [0x0000022b65a80000, 0x0000022b669a8000)
 Next Bits: [0x0000022b669b0000, 0x0000022b678d8000)

Polling page: 0x0000022b4cc30000

Metaspace:

Usage:
  Non-class:      3.06 MB used.
      Class:    266.57 KB used.
       Both:      3.32 MB used.

Virtual space:
  Non-class space:        8.00 MB reserved,       3.06 MB ( 38%) committed,  1 nodes.
      Class space:        1.00 GB reserved,     320.00 KB ( <1%) committed,  1 nodes.
             Both:        1.01 GB reserved,       3.38 MB ( <1%) committed. 

Chunk freelists:
   Non-Class:  0 bytes
       Class:  3.62 MB
        Both:  3.62 MB

MaxMetaspaceSize: unlimited
CompressedClassSpaceSize: 1.00 GB
Initial GC threshold: 21.00 MB
Current GC threshold: 21.00 MB
CDS: off
MetaspaceReclaimPolicy: balanced
 - commit_granule_bytes: 65536.
 - commit_granule_words: 8192.
 - virtual_space_node_default_size: 1048576.
 - enlarge_chunks_in_place: 1.
 - new_chunks_are_fully_committed: 0.
 - uncommit_free_chunks: 1.
 - use_allocation_guard: 0.
 - handle_deallocations: 1.


Internal statistics:

num_allocs_failed_limit: 0.
num_arena_births: 2.
num_arena_deaths: 0.
num_vsnodes_births: 2.
num_vsnodes_deaths: 0.
num_space_committed: 54.
num_space_uncommitted: 0.
num_chunks_returned_to_freelist: 0.
num_chunks_taken_from_freelist: 4.
num_chunk_merges: 0.
num_chunk_splits: 1.
num_chunks_enlarged: 0.
num_purges: 0.
num_inconsistent_stats: 0.

CodeHeap 'non-profiled nmethods': size=120000Kb used=8Kb max_used=8Kb free=119992Kb
 bounds [0x0000022b5e170000, 0x0000022b5e3e0000, 0x0000022b656a0000]
CodeHeap 'profiled nmethods': size=120000Kb used=55Kb max_used=55Kb free=119945Kb
 bounds [0x0000022b56c40000, 0x0000022b56eb0000, 0x0000022b5e170000]
CodeHeap 'non-nmethods': size=5760Kb used=1042Kb max_used=1049Kb free=4717Kb
 bounds [0x0000022b566a0000, 0x0000022b56910000, 0x0000022b56c40000]
 total_blobs=326 nmethods=42 adapters=197
 compilation: enabled
              stopped_count=0, restarted_count=0
 full_count=0

Compilation events (20 events):
Event: 0.147 Thread 0x0000022b001c4c10 nmethod 27 0x0000022b56c47e90 code [0x0000022b56c48020, 0x0000022b56c48178]
Event: 0.147 Thread 0x0000022b001c4c10   30       3       java.util.ImmutableCollections$SetN$SetNIterator::next (90 bytes)
Event: 0.148 Thread 0x0000022b001c4c10 nmethod 30 0x0000022b56c48210 code [0x0000022b56c483c0, 0x0000022b56c486c8]
Event: 0.148 Thread 0x0000022b001c4c10   29       3       java.util.concurrent.ConcurrentHashMap::spread (10 bytes)
Event: 0.148 Thread 0x0000022b001c4c10 nmethod 29 0x0000022b56c48810 code [0x0000022b56c489a0, 0x0000022b56c48a98]
Event: 0.148 Thread 0x0000022b001c4c10   31       1       java.util.KeyValueHolder::getKey (5 bytes)
Event: 0.148 Thread 0x0000022b001c4c10 nmethod 31 0x0000022b5e170d90 code [0x0000022b5e170f20, 0x0000022b5e170ff8]
Event: 0.148 Thread 0x0000022b001c4c10   32       1       java.util.KeyValueHolder::getValue (5 bytes)
Event: 0.148 Thread 0x0000022b001c4c10 nmethod 32 0x0000022b5e171090 code [0x0000022b5e171220, 0x0000022b5e1712f8]
Event: 0.149 Thread 0x0000022b001c4c10   33       3       java.util.KeyValueHolder::<init> (21 bytes)
Event: 0.149 Thread 0x0000022b001c4c10 nmethod 33 0x0000022b56c48b10 code [0x0000022b56c48d00, 0x0000022b56c491d8]
Event: 0.149 Thread 0x0000022b001c4c10   34       3       java.util.ImmutableCollections$MapN::probe (60 bytes)
Event: 0.150 Thread 0x0000022b001c4c10 nmethod 34 0x0000022b56c49390 code [0x0000022b56c49580, 0x0000022b56c49ad8]
Event: 0.150 Thread 0x0000022b001c4c10   35       3       java.util.ImmutableCollections$MapN::get (35 bytes)
Event: 0.150 Thread 0x0000022b001c4c10 nmethod 35 0x0000022b56c49d10 code [0x0000022b56c49ee0, 0x0000022b56c4a298]
Event: 0.150 Thread 0x0000022b001c4c10   36       3       java.util.ImmutableCollections$SetN$SetNIterator::hasNext (13 bytes)
Event: 0.150 Thread 0x0000022b001c4c10 nmethod 36 0x0000022b56c4a410 code [0x0000022b56c4a5a0, 0x0000022b56c4a718]
Event: 0.150 Thread 0x0000022b001c4c10   38       3       jdk.internal.module.ModuleReferenceImpl::hashCode (56 bytes)
Event: 0.151 Thread 0x0000022b001c4c10 nmethod 38 0x0000022b56c4a790 code [0x0000022b56c4a980, 0x0000022b56c4ade8]
Event: 0.151 Thread 0x0000022b001c4c10   39   !   3       java.util.concurrent.ConcurrentHashMap::putVal (432 bytes)

GC Heap History (0 events):
No events

Deoptimization events (0 events):
No events

Classes unloaded (0 events):
No events

Classes redefined (0 events):
No events

Internal exceptions (0 events):
No events

VM Operations (0 events):
No events

Events (20 events):
Event: 0.148 loading class java/lang/module/ResolvedModule
Event: 0.149 loading class java/lang/module/ResolvedModule done
Event: 0.149 loading class java/util/AbstractMap$1
Event: 0.149 loading class java/util/AbstractMap$1 done
Event: 0.149 loading class java/util/AbstractMap$1$1
Event: 0.149 loading class java/util/AbstractMap$1$1 done
Event: 0.149 loading class java/util/ImmutableCollections$Set12$1
Event: 0.149 loading class java/util/ImmutableCollections$Set12$1 done
Event: 0.150 loading class jdk/internal/module/ModuleLoaderMap
Event: 0.150 loading class jdk/internal/module/ModuleLoaderMap done
Event: 0.150 loading class jdk/internal/module/ModuleLoaderMap$Mapper
Event: 0.151 loading class java/util/function/Function
Event: 0.151 loading class java/util/function/Function done
Event: 0.151 loading class jdk/internal/module/ModuleLoaderMap$Mapper done
Event: 0.151 loading class jdk/internal/module/ModuleLoaderMap$Modules
Event: 0.151 loading class jdk/internal/module/ModuleLoaderMap$Modules done
Event: 0.152 loading class java/lang/ModuleLayer
Event: 0.152 loading class java/lang/ModuleLayer done
Event: 0.152 loading class java/util/ImmutableCollections$ListItr
Event: 0.153 loading class java/util/ListIterator


Dynamic libraries:
0x00007ff600ec0000 - 0x00007ff600ed0000 	C:\Program Files\Java\jdk-17.0.4.1\bin\javaw.exe
0x00007ffb7f9b0000 - 0x00007ffb7fba8000 	C:\Windows\SYSTEM32\ntdll.dll
0x00007ffb7db30000 - 0x00007ffb7dbef000 	C:\Windows\System32\KERNEL32.DLL
0x00007ffb7d1c0000 - 0x00007ffb7d4b6000 	C:\Windows\System32\KERNELBASE.dll
0x00007ffb7d910000 - 0x00007ffb7da10000 	C:\Windows\System32\ucrtbase.dll
0x00007ffb65990000 - 0x00007ffb659aa000 	C:\Program Files\Java\jdk-17.0.4.1\bin\VCRUNTIME140.dll
0x00007ffb65970000 - 0x00007ffb65988000 	C:\Program Files\Java\jdk-17.0.4.1\bin\jli.dll
0x00007ffb7e000000 - 0x00007ffb7e0af000 	C:\Windows\System32\ADVAPI32.dll
0x00007ffb7f8d0000 - 0x00007ffb7f96e000 	C:\Windows\System32\msvcrt.dll
0x00007ffb7e770000 - 0x00007ffb7e80c000 	C:\Windows\System32\sechost.dll
0x00007ffb7e5b0000 - 0x00007ffb7e6d6000 	C:\Windows\System32\RPCRT4.dll
0x00007ffb7efe0000 - 0x00007ffb7f17d000 	C:\Windows\System32\USER32.dll
0x00007ffb7d190000 - 0x00007ffb7d1b2000 	C:\Windows\System32\win32u.dll
0x00007ffb7f790000 - 0x00007ffb7f7bc000 	C:\Windows\System32\GDI32.dll
0x00007ffb63040000 - 0x00007ffb632da000 	C:\Windows\WinSxS\amd64_microsoft.windows.common-controls_6595b64144ccf1df_6.0.19041.1110_none_60b5254171f9507e\COMCTL32.dll
0x00007ffb7d6b0000 - 0x00007ffb7d7c5000 	C:\Windows\System32\gdi32full.dll
0x00007ffb7d7d0000 - 0x00007ffb7d86d000 	C:\Windows\System32\msvcp_win.dll
0x00007ffb75bb0000 - 0x00007ffb75bba000 	C:\Windows\SYSTEM32\VERSION.dll
0x00007ffb7f7c0000 - 0x00007ffb7f7f0000 	C:\Windows\System32\IMM32.DLL
0x00007ffb69b00000 - 0x00007ffb69b0c000 	C:\Program Files\Java\jdk-17.0.4.1\bin\vcruntime140_1.dll
0x00007ffb54050000 - 0x00007ffb540dd000 	C:\Program Files\Java\jdk-17.0.4.1\bin\msvcp140.dll
0x00007ffb43fe0000 - 0x00007ffb44ba2000 	C:\Program Files\Java\jdk-17.0.4.1\bin\server\jvm.dll
0x00007ffb7f7f0000 - 0x00007ffb7f7f8000 	C:\Windows\System32\PSAPI.DLL
0x00007ffb67470000 - 0x00007ffb67479000 	C:\Windows\SYSTEM32\WSOCK32.dll
0x00007ffb5e060000 - 0x00007ffb5e087000 	C:\Windows\SYSTEM32\WINMM.dll
0x00007ffb7f860000 - 0x00007ffb7f8cb000 	C:\Windows\System32\WS2_32.dll
0x00007ffb7b8e0000 - 0x00007ffb7b8f2000 	C:\Windows\SYSTEM32\kernel.appcore.dll
0x00007ffb63550000 - 0x00007ffb6355a000 	C:\Program Files\Java\jdk-17.0.4.1\bin\jimage.dll
0x00007ffb7ae50000 - 0x00007ffb7b034000 	C:\Windows\SYSTEM32\DBGHELP.DLL
0x00007ffb5ee40000 - 0x00007ffb5ee74000 	C:\Windows\SYSTEM32\dbgcore.DLL
0x00007ffb7d620000 - 0x00007ffb7d6a2000 	C:\Windows\System32\bcryptPrimitives.dll
0x00007ffb622a0000 - 0x00007ffb622c5000 	C:\Program Files\Java\jdk-17.0.4.1\bin\java.dll
0x00007ffb535c0000 - 0x00007ffb53696000 	C:\Program Files\Java\jdk-17.0.4.1\bin\jsvml.dll
0x00007ffb7e890000 - 0x00007ffb7efd4000 	C:\Windows\System32\SHELL32.dll
0x00007ffb7b130000 - 0x00007ffb7b8c3000 	C:\Windows\SYSTEM32\windows.storage.dll
0x00007ffb7e1a0000 - 0x00007ffb7e4f4000 	C:\Windows\System32\combase.dll
0x00007ffb7ca10000 - 0x00007ffb7ca3e000 	C:\Windows\SYSTEM32\Wldp.dll
0x00007ffb7e500000 - 0x00007ffb7e5ad000 	C:\Windows\System32\SHCORE.dll
0x00007ffb7f800000 - 0x00007ffb7f855000 	C:\Windows\System32\shlwapi.dll
0x00007ffb7cfd0000 - 0x00007ffb7cfef000 	C:\Windows\SYSTEM32\profapi.dll

dbghelp: loaded successfully - version: 4.0.5 - missing functions: none
symbol engine: initialized successfully - sym options: 0x614 - pdb path: .;C:\Program Files\Java\jdk-17.0.4.1\bin;C:\Windows\SYSTEM32;C:\Windows\WinSxS\amd64_microsoft.windows.common-controls_6595b64144ccf1df_6.0.19041.1110_none_60b5254171f9507e;C:\Program Files\Java\jdk-17.0.4.1\bin\server

VM Arguments:
jvm_args: -Dfile.encoding=Cp1252 
java_command: TestApp
java_class_path (initial): F:\Java live Class Projects\Assingn\Question-9\bin
Launcher Type: SUN_STANDARD

[Global flags]
     intx CICompilerCount                          = 3                                         {product} {ergonomic}
     uint ConcGCThreads                            = 1                                         {product} {ergonomic}
     uint G1ConcRefinementThreads                  = 4                                         {product} {ergonomic}
   size_t G1HeapRegionSize                         = 1048576                                   {product} {ergonomic}
    uintx GCDrainStackTargetSize                   = 64                                        {product} {ergonomic}
   size_t InitialHeapSize                          = 65011712                                  {product} {ergonomic}
   size_t MarkStackSize                            = 4194304                                   {product} {ergonomic}
   size_t MaxHeapSize                              = 1017118720                                {product} {ergonomic}
   size_t MaxNewSize                               = 610271232                                 {product} {ergonomic}
   size_t MinHeapDeltaBytes                        = 1048576                                   {product} {ergonomic}
   size_t MinHeapSize                              = 8388608                                   {product} {ergonomic}
    uintx NonNMethodCodeHeapSize                   = 5832780                                {pd product} {ergonomic}
    uintx NonProfiledCodeHeapSize                  = 122912730                              {pd product} {ergonomic}
    uintx ProfiledCodeHeapSize                     = 122912730                              {pd product} {ergonomic}
    uintx ReservedCodeCacheSize                    = 251658240                              {pd product} {ergonomic}
     bool SegmentedCodeCache                       = true                                      {product} {ergonomic}
   size_t SoftMaxHeapSize                          = 1017118720                             {manageable} {ergonomic}
     bool UseCompressedClassPointers               = true                           {product lp64_product} {ergonomic}
     bool UseCompressedOops                        = true                           {product lp64_product} {ergonomic}
     bool UseG1GC                                  = true                                      {product} {ergonomic}
     bool UseLargePagesIndividualAllocation        = false                                  {pd product} {ergonomic}

Logging:
Log output configuration:
 #0: stdout all=warning uptime,level,tags
 #1: stderr all=off uptime,level,tags

Environment Variables:
JAVA_HOME=C:\Program Files\Java\jdk-17.0.4.1
PATH=C:\Program Files\Common Files\Oracle\Java\javapath;C:\Windows\system32;C:\Windows;C:\Windows\System32\Wbem;C:\Windows\System32\WindowsPowerShell\v1.0\;C:\Windows\System32\OpenSSH\;C:\Program Files\Java\jdk-17.0.4.1\bin;C:\Program Files\Git\cmd;C:\Users\surad\AppData\Local\Microsoft\WindowsApps;C:\Program Files\Java\jdk-17.0.4.1\bin;C:\Users\surad\AppData\Local\Programs\Microsoft VS Code\bin
USERNAME=surad
OS=Windows_NT
PROCESSOR_IDENTIFIER=Intel64 Family 6 Model 126 Stepping 5, GenuineIntel



---------------  S Y S T E M  ---------------

OS:
 Windows 10 , 64 bit Build 19041 (10.0.19041.2913)
OS uptime: 0 days 3:25 hours

CPU: total 4 (initial active 4) (2 cores per cpu, 2 threads per core) family 6 model 126 stepping 5 microcode 0xa0, cx8, cmov, fxsr, ht, mmx, 3dnowpref, sse, sse2, sse3, ssse3, sse4.1, sse4.2, popcnt, lzcnt, tsc, tscinvbit, avx, avx2, aes, erms, clmul, bmi1, bmi2, adx, avx512f, avx512dq, avx512cd, avx512bw, avx512vl, sha, fma, vzeroupper, avx512_vpopcntdq, avx512_vpclmulqdq, avx512_vaes, avx512_vnni, clflush, clflushopt, avx512_vbmi2, avx512_vbmi

Memory: 4k page, system-wide physical 3877M (296M free)
TotalPageFile size 15653M (AvailPageFile size 0M)
current process WorkingSet (physical memory assigned to process): 24M, peak: 24M
current process commit charge ("private bytes"): 123M, peak: 128M

vm_info: Java HotSpot(TM) 64-Bit Server VM (17.0.4.1+1-LTS-2) for windows-amd64 JRE (17.0.4.1+1-LTS-2), built on Aug 16 2022 18:32:06 by "mach5one" with MS VC++ 16.8 / 16.9 (VS2019)

END.
